<?xml version="1.0" ?>
<testsuite errors="0" failures="0" name="AppLoad.TestSite-20161227101646" tests="1" time="15.806">
	<testcase classname="AppLoad.TestSite" name="testName" time="15.806"/>
	<system-out>
<![CDATA[Free College Essays, Term Paper Help, and Essay Advice - TermPaperWarehouse.com
]]>	</system-out>
	<system-err>
<![CDATA[]]>	</system-err>
</testsuite>
